18:58:51:393  INFO 17812 --- [restartedMain] com.cjp.pay.PayApplication               : Starting PayApplication using Java 17.0.4.1 on LAPTOP-HF0JH6U2 with PID 17812 (E:\springcloud\huoduan\hmall\pay-service\target\classes started by HW in E:\springcloud\huoduan\hmall)
18:58:51:396  INFO 17812 --- [restartedMain] com.cjp.pay.PayApplication               : The following 1 profile is active: "dev"
18:58:51:487  INFO 17812 --- [restartedMain] .e.DevToolsPropertyDefaultsPostProcessor : Devtools property defaults active! Set 'spring.devtools.add-properties' to 'false' to disable
18:58:51:487  INFO 17812 --- [restartedMain] .e.DevToolsPropertyDefaultsPostProcessor : For additional web related logging consider setting the 'logging.level.web' property to 'DEBUG'
18:58:53:096  INFO 17812 --- [restartedMain] .s.d.r.c.RepositoryConfigurationDelegate : Multiple Spring Data modules found, entering strict repository configuration mode
18:58:53:101  INFO 17812 --- [restartedMain] .s.d.r.c.RepositoryConfigurationDelegate : Bootstrapping Spring Data Redis repositories in DEFAULT mode.
18:58:53:145  INFO 17812 --- [restartedMain] .s.d.r.c.RepositoryConfigurationDelegate : Finished Spring Data repository scanning in 11 ms. Found 0 Redis repository interfaces.
18:58:53:609  INFO 17812 --- [restartedMain] o.s.cloud.context.scope.GenericScope     : BeanFactory id=6f2c0720-f1f5-355f-aae5-a02d2201b094
18:58:54:912  INFO 17812 --- [restartedMain] o.s.b.w.embedded.tomcat.TomcatWebServer  : Tomcat initialized with port(s): 8086 (http)
18:58:54:914  INFO 17812 --- [restartedMain] o.a.catalina.core.AprLifecycleListener   : Loaded Apache Tomcat Native library [2.0.3] using APR version [1.7.2].
18:58:54:914  INFO 17812 --- [restartedMain] o.a.catalina.core.AprLifecycleListener   : APR capabilities: IPv6 [true], sendfile [true], accept filters [false], random [true], UDS [true].
18:58:54:915  INFO 17812 --- [restartedMain] o.a.catalina.core.AprLifecycleListener   : APR/OpenSSL configuration: useAprConnector [false], useOpenSSL [true]
18:58:54:932  INFO 17812 --- [restartedMain] o.a.catalina.core.AprLifecycleListener   : OpenSSL successfully initialized [OpenSSL 3.0.8 7 Feb 2023]
18:58:54:949  INFO 17812 --- [restartedMain] o.apache.catalina.core.StandardService   : Starting service [Tomcat]
18:58:54:949  INFO 17812 --- [restartedMain] org.apache.catalina.core.StandardEngine  : Starting Servlet engine: [Apache Tomcat/9.0.75]
18:58:55:105  INFO 17812 --- [restartedMain] o.a.c.c.C.[Tomcat].[localhost].[/]       : Initializing Spring embedded WebApplicationContext
18:58:55:106  INFO 17812 --- [restartedMain] w.s.c.ServletWebServerApplicationContext : Root WebApplicationContext: initialization completed in 3618 ms
18:58:55:442  WARN 17812 --- [restartedMain] o.s.b.d.a.OptionalLiveReloadServer       : Unable to start LiveReload server
18:58:55:473  INFO 17812 --- [restartedMain] o.s.c.openfeign.FeignClientFactoryBean   : For 'trade-service' URL not provided. Will try picking an instance via load-balancing.
18:58:55:554  INFO 17812 --- [restartedMain] o.s.c.openfeign.FeignClientFactoryBean   : For 'user-service' URL not provided. Will try picking an instance via load-balancing.
18:58:58:188  INFO 17812 --- [restartedMain] o.s.cloud.commons.util.InetUtils         : Cannot determine local hostname
18:58:58:284  INFO 17812 --- [restartedMain] pertySourcedRequestMappingHandlerMapping : Mapped URL path [/v2/api-docs] onto method [springfox.documentation.swagger2.web.Swagger2ControllerWebMvc#getDocumentation(String, HttpServletRequest)]
18:59:00:414  INFO 17812 --- [restartedMain] o.s.cloud.commons.util.InetUtils         : Cannot determine local hostname
18:59:00:754  INFO 17812 --- [restartedMain] com.alibaba.nacos.common.remote.client   : [RpcClientFactory] create a new rpc client of 5e6cd808-dc39-45f6-a19a-b202e44798ae
18:59:00:880  INFO 17812 --- [restartedMain] org.reflections.Reflections              : Reflections took 53 ms to scan 1 urls, producing 3 keys and 6 values 
18:59:00:930  INFO 17812 --- [restartedMain] org.reflections.Reflections              : Reflections took 19 ms to scan 1 urls, producing 4 keys and 9 values 
18:59:00:952  INFO 17812 --- [restartedMain] org.reflections.Reflections              : Reflections took 16 ms to scan 1 urls, producing 3 keys and 10 values 
18:59:00:969  INFO 17812 --- [restartedMain] org.reflections.Reflections              : Reflections took 11 ms to scan 3 urls, producing 0 keys and 0 values 
18:59:00:986  INFO 17812 --- [restartedMain] org.reflections.Reflections              : Reflections took 16 ms to scan 1 urls, producing 1 keys and 5 values 
18:59:01:002  INFO 17812 --- [restartedMain] org.reflections.Reflections              : Reflections took 11 ms to scan 1 urls, producing 1 keys and 7 values 
18:59:01:018  INFO 17812 --- [restartedMain] org.reflections.Reflections              : Reflections took 11 ms to scan 1 urls, producing 2 keys and 8 values 
18:59:01:030  INFO 17812 --- [restartedMain] org.reflections.Reflections              : Reflections took 7 ms to scan 3 urls, producing 0 keys and 0 values 
18:59:01:032  INFO 17812 --- [restartedMain] com.alibaba.nacos.common.remote.client   : [5e6cd808-dc39-45f6-a19a-b202e44798ae] RpcClient init label, labels = {module=naming, source=sdk}
18:59:01:035  INFO 17812 --- [restartedMain] com.alibaba.nacos.common.remote.client   : [5e6cd808-dc39-45f6-a19a-b202e44798ae] RpcClient init, ServerListFactory = com.alibaba.nacos.client.naming.core.ServerListManager
18:59:01:035  INFO 17812 --- [restartedMain] com.alibaba.nacos.common.remote.client   : [5e6cd808-dc39-45f6-a19a-b202e44798ae] Registry connection listener to current client:com.alibaba.nacos.client.naming.remote.gprc.redo.NamingGrpcRedoService
18:59:01:036  INFO 17812 --- [restartedMain] com.alibaba.nacos.common.remote.client   : [5e6cd808-dc39-45f6-a19a-b202e44798ae] Register server push request handler:com.alibaba.nacos.client.naming.remote.gprc.NamingPushRequestHandler
18:59:01:039  INFO 17812 --- [restartedMain] com.alibaba.nacos.common.remote.client   : [5e6cd808-dc39-45f6-a19a-b202e44798ae] Try to connect to server on start up, server: {serverIp = '192.168.19.131', server main port = 8848}
18:59:02:905  INFO 17812 --- [restartedMain] com.alibaba.nacos.common.remote.client   : [5e6cd808-dc39-45f6-a19a-b202e44798ae] Success to connect to server [192.168.19.131:8848] on start up, connectionId = 1734346565346_192.168.19.1_58258
18:59:02:906  INFO 17812 --- [com.alibaba.nacos.client.remote.worker] com.alibaba.nacos.common.remote.client   : [5e6cd808-dc39-45f6-a19a-b202e44798ae] Notify connected event to listeners.
18:59:02:907  INFO 17812 --- [restartedMain] com.alibaba.nacos.common.remote.client   : [5e6cd808-dc39-45f6-a19a-b202e44798ae] Register server push request handler:com.alibaba.nacos.common.remote.client.RpcClient$ConnectResetRequestHandler
18:59:02:907  INFO 17812 --- [restartedMain] com.alibaba.nacos.common.remote.client   : [5e6cd808-dc39-45f6-a19a-b202e44798ae] Register server push request handler:com.alibaba.nacos.common.remote.client.RpcClient$$Lambda$1161/0x000000080148f690
18:59:02:986  INFO 17812 --- [restartedMain] o.s.b.w.embedded.tomcat.TomcatWebServer  : Tomcat started on port(s): 8086 (http) with context path ''
18:59:03:000  INFO 17812 --- [restartedMain] c.a.c.n.registry.NacosServiceRegistry    : nacos registry, DEFAULT_GROUP pay-service 192.168.20.1:8086 register finished
18:59:03:410  INFO 17812 --- [nacos-grpc-client-executor-9] com.alibaba.nacos.common.remote.client   : [5e6cd808-dc39-45f6-a19a-b202e44798ae] Receive server push request, request = NotifySubscriberRequest, requestId = 84
18:59:03:414  INFO 17812 --- [nacos-grpc-client-executor-9] com.alibaba.nacos.common.remote.client   : [5e6cd808-dc39-45f6-a19a-b202e44798ae] Ack server push request, request = NotifySubscriberRequest, requestId = 84
18:59:04:397  INFO 17812 --- [restartedMain] o.s.cloud.commons.util.InetUtils         : Cannot determine local hostname
18:59:04:398  INFO 17812 --- [restartedMain] d.s.w.p.DocumentationPluginsBootstrapper : Documentation plugins bootstrapped
18:59:04:404  INFO 17812 --- [restartedMain] d.s.w.p.DocumentationPluginsBootstrapper : Found 1 custom documentation plugin(s)
18:59:04:452  INFO 17812 --- [restartedMain] s.d.s.w.s.ApiListingReferenceScanner     : Scanning for api listing references
18:59:04:607  INFO 17812 --- [restartedMain] com.cjp.pay.PayApplication               : Started PayApplication in 15.676 seconds (JVM running for 17.586)
18:59:09:062  WARN 17812 --- [Thread-11] c.a.n.common.http.HttpClientBeanHolder   : [HttpClientBeanHolder] Start destroying common HttpClient
18:59:09:062  WARN 17812 --- [Thread-8] c.a.nacos.common.notify.NotifyCenter     : [NotifyCenter] Start destroying Publisher
18:59:09:062  WARN 17812 --- [Thread-8] c.a.nacos.common.notify.NotifyCenter     : [NotifyCenter] Destruction of the end
18:59:09:063  WARN 17812 --- [Thread-11] c.a.n.common.http.HttpClientBeanHolder   : [HttpClientBeanHolder] Destruction of the end
18:59:09:139  INFO 17812 --- [SpringApplicationShutdownHook] c.a.c.n.registry.NacosServiceRegistry    : De-registering from Nacos Server now...
18:59:09:145  INFO 17812 --- [SpringApplicationShutdownHook] c.a.c.n.registry.NacosServiceRegistry    : De-registration finished.
18:59:09:658  INFO 17812 --- [nacos-grpc-client-executor-13] com.alibaba.nacos.common.remote.client   : [5e6cd808-dc39-45f6-a19a-b202e44798ae] Receive server push request, request = NotifySubscriberRequest, requestId = 85
18:59:09:660  INFO 17812 --- [nacos-grpc-client-executor-13] com.alibaba.nacos.common.remote.client   : [5e6cd808-dc39-45f6-a19a-b202e44798ae] Ack server push request, request = NotifySubscriberRequest, requestId = 85
18:59:09:797  INFO 17812 --- [SpringApplicationShutdownHook] com.alibaba.nacos.common.remote.client   : Shutdown rpc client, set status to shutdown
18:59:09:798  INFO 17812 --- [SpringApplicationShutdownHook] com.alibaba.nacos.common.remote.client   : Shutdown client event executor java.util.concurrent.ScheduledThreadPoolExecutor@54d69f5[Running, pool size = 2, active threads = 2, queued tasks = 0, completed tasks = 0]
18:59:09:798  INFO 17812 --- [SpringApplicationShutdownHook] com.alibaba.nacos.common.remote.client   : Close current connection 1734346565346_192.168.19.1_58258
18:59:09:800  INFO 17812 --- [nacos-grpc-client-executor-14] c.a.n.c.remote.client.grpc.GrpcClient    : [1734346565346_192.168.19.1_58258]Ignore complete event,isRunning:false,isAbandon=false
18:59:09:805  INFO 17812 --- [SpringApplicationShutdownHook] c.a.n.c.remote.client.grpc.GrpcClient    : Shutdown grpc executor java.util.concurrent.ThreadPoolExecutor@43d92fda[Running, pool size = 15, active threads = 0, queued tasks = 0, completed tasks = 15]
18:59:17:911  INFO 3312 --- [restartedMain] com.cjp.pay.PayApplication               : Starting PayApplication using Java 17.0.4.1 on LAPTOP-HF0JH6U2 with PID 3312 (E:\springcloud\huoduan\hmall\pay-service\target\classes started by HW in E:\springcloud\huoduan\hmall)
18:59:17:913  INFO 3312 --- [restartedMain] com.cjp.pay.PayApplication               : The following 1 profile is active: "local"
18:59:17:990  INFO 3312 --- [restartedMain] .e.DevToolsPropertyDefaultsPostProcessor : Devtools property defaults active! Set 'spring.devtools.add-properties' to 'false' to disable
18:59:17:991  INFO 3312 --- [restartedMain] .e.DevToolsPropertyDefaultsPostProcessor : For additional web related logging consider setting the 'logging.level.web' property to 'DEBUG'
18:59:19:387  INFO 3312 --- [restartedMain] .s.d.r.c.RepositoryConfigurationDelegate : Multiple Spring Data modules found, entering strict repository configuration mode
18:59:19:392  INFO 3312 --- [restartedMain] .s.d.r.c.RepositoryConfigurationDelegate : Bootstrapping Spring Data Redis repositories in DEFAULT mode.
18:59:19:423  INFO 3312 --- [restartedMain] .s.d.r.c.RepositoryConfigurationDelegate : Finished Spring Data repository scanning in 12 ms. Found 0 Redis repository interfaces.
18:59:19:848  INFO 3312 --- [restartedMain] o.s.cloud.context.scope.GenericScope     : BeanFactory id=6f2c0720-f1f5-355f-aae5-a02d2201b094
18:59:20:865  INFO 3312 --- [restartedMain] o.s.b.w.embedded.tomcat.TomcatWebServer  : Tomcat initialized with port(s): 8086 (http)
18:59:20:866  INFO 3312 --- [restartedMain] o.a.catalina.core.AprLifecycleListener   : Loaded Apache Tomcat Native library [2.0.3] using APR version [1.7.2].
18:59:20:867  INFO 3312 --- [restartedMain] o.a.catalina.core.AprLifecycleListener   : APR capabilities: IPv6 [true], sendfile [true], accept filters [false], random [true], UDS [true].
18:59:20:867  INFO 3312 --- [restartedMain] o.a.catalina.core.AprLifecycleListener   : APR/OpenSSL configuration: useAprConnector [false], useOpenSSL [true]
18:59:20:875  INFO 3312 --- [restartedMain] o.a.catalina.core.AprLifecycleListener   : OpenSSL successfully initialized [OpenSSL 3.0.8 7 Feb 2023]
18:59:20:890  INFO 3312 --- [restartedMain] o.apache.catalina.core.StandardService   : Starting service [Tomcat]
18:59:20:890  INFO 3312 --- [restartedMain] org.apache.catalina.core.StandardEngine  : Starting Servlet engine: [Apache Tomcat/9.0.75]
18:59:21:042  INFO 3312 --- [restartedMain] o.a.c.c.C.[Tomcat].[localhost].[/]       : Initializing Spring embedded WebApplicationContext
18:59:21:042  INFO 3312 --- [restartedMain] w.s.c.ServletWebServerApplicationContext : Root WebApplicationContext: initialization completed in 3050 ms
18:59:21:341  WARN 3312 --- [restartedMain] o.s.b.d.a.OptionalLiveReloadServer       : Unable to start LiveReload server
18:59:21:370  INFO 3312 --- [restartedMain] o.s.c.openfeign.FeignClientFactoryBean   : For 'trade-service' URL not provided. Will try picking an instance via load-balancing.
18:59:21:445  INFO 3312 --- [restartedMain] o.s.c.openfeign.FeignClientFactoryBean   : For 'user-service' URL not provided. Will try picking an instance via load-balancing.
18:59:24:024  INFO 3312 --- [restartedMain] o.s.cloud.commons.util.InetUtils         : Cannot determine local hostname
18:59:24:083  INFO 3312 --- [restartedMain] pertySourcedRequestMappingHandlerMapping : Mapped URL path [/v2/api-docs] onto method [springfox.documentation.swagger2.web.Swagger2ControllerWebMvc#getDocumentation(String, HttpServletRequest)]
18:59:26:125  INFO 3312 --- [restartedMain] o.s.cloud.commons.util.InetUtils         : Cannot determine local hostname
18:59:26:625  INFO 3312 --- [restartedMain] com.alibaba.nacos.common.remote.client   : [RpcClientFactory] create a new rpc client of 0e302ae4-6cf0-4446-9e0f-99b1e42227a2
18:59:26:783  INFO 3312 --- [restartedMain] org.reflections.Reflections              : Reflections took 80 ms to scan 1 urls, producing 3 keys and 6 values 
18:59:26:864  INFO 3312 --- [restartedMain] org.reflections.Reflections              : Reflections took 40 ms to scan 1 urls, producing 4 keys and 9 values 
18:59:26:901  INFO 3312 --- [restartedMain] org.reflections.Reflections              : Reflections took 28 ms to scan 1 urls, producing 3 keys and 10 values 
18:59:26:921  INFO 3312 --- [restartedMain] org.reflections.Reflections              : Reflections took 11 ms to scan 3 urls, producing 0 keys and 0 values 
18:59:27:143  INFO 3312 --- [restartedMain] org.reflections.Reflections              : Reflections took 221 ms to scan 1 urls, producing 1 keys and 5 values 
18:59:27:195  INFO 3312 --- [restartedMain] org.reflections.Reflections              : Reflections took 37 ms to scan 1 urls, producing 1 keys and 7 values 
18:59:27:254  INFO 3312 --- [restartedMain] org.reflections.Reflections              : Reflections took 24 ms to scan 1 urls, producing 2 keys and 8 values 
18:59:27:271  INFO 3312 --- [restartedMain] org.reflections.Reflections              : Reflections took 10 ms to scan 3 urls, producing 0 keys and 0 values 
18:59:27:273  INFO 3312 --- [restartedMain] com.alibaba.nacos.common.remote.client   : [0e302ae4-6cf0-4446-9e0f-99b1e42227a2] RpcClient init label, labels = {module=naming, source=sdk}
18:59:27:277  INFO 3312 --- [restartedMain] com.alibaba.nacos.common.remote.client   : [0e302ae4-6cf0-4446-9e0f-99b1e42227a2] RpcClient init, ServerListFactory = com.alibaba.nacos.client.naming.core.ServerListManager
18:59:27:278  INFO 3312 --- [restartedMain] com.alibaba.nacos.common.remote.client   : [0e302ae4-6cf0-4446-9e0f-99b1e42227a2] Registry connection listener to current client:com.alibaba.nacos.client.naming.remote.gprc.redo.NamingGrpcRedoService
18:59:27:278  INFO 3312 --- [restartedMain] com.alibaba.nacos.common.remote.client   : [0e302ae4-6cf0-4446-9e0f-99b1e42227a2] Register server push request handler:com.alibaba.nacos.client.naming.remote.gprc.NamingPushRequestHandler
18:59:27:283  INFO 3312 --- [restartedMain] com.alibaba.nacos.common.remote.client   : [0e302ae4-6cf0-4446-9e0f-99b1e42227a2] Try to connect to server on start up, server: {serverIp = '192.168.19.131', server main port = 8848}
18:59:29:663  INFO 3312 --- [restartedMain] com.alibaba.nacos.common.remote.client   : [0e302ae4-6cf0-4446-9e0f-99b1e42227a2] Success to connect to server [192.168.19.131:8848] on start up, connectionId = 1734346594343_192.168.19.1_58361
18:59:29:666  INFO 3312 --- [com.alibaba.nacos.client.remote.worker] com.alibaba.nacos.common.remote.client   : [0e302ae4-6cf0-4446-9e0f-99b1e42227a2] Notify connected event to listeners.
18:59:29:666  INFO 3312 --- [restartedMain] com.alibaba.nacos.common.remote.client   : [0e302ae4-6cf0-4446-9e0f-99b1e42227a2] Register server push request handler:com.alibaba.nacos.common.remote.client.RpcClient$ConnectResetRequestHandler
18:59:29:667  INFO 3312 --- [restartedMain] com.alibaba.nacos.common.remote.client   : [0e302ae4-6cf0-4446-9e0f-99b1e42227a2] Register server push request handler:com.alibaba.nacos.common.remote.client.RpcClient$$Lambda$1161/0x000000080148fb80
18:59:29:765  INFO 3312 --- [restartedMain] o.s.b.w.embedded.tomcat.TomcatWebServer  : Tomcat started on port(s): 8086 (http) with context path ''
18:59:29:783  INFO 3312 --- [restartedMain] c.a.c.n.registry.NacosServiceRegistry    : nacos registry, DEFAULT_GROUP pay-service 192.168.20.1:8086 register finished
18:59:30:227  INFO 3312 --- [nacos-grpc-client-executor-9] com.alibaba.nacos.common.remote.client   : [0e302ae4-6cf0-4446-9e0f-99b1e42227a2] Receive server push request, request = NotifySubscriberRequest, requestId = 86
18:59:30:232  INFO 3312 --- [nacos-grpc-client-executor-9] com.alibaba.nacos.common.remote.client   : [0e302ae4-6cf0-4446-9e0f-99b1e42227a2] Ack server push request, request = NotifySubscriberRequest, requestId = 86
18:59:31:281  INFO 3312 --- [restartedMain] o.s.cloud.commons.util.InetUtils         : Cannot determine local hostname
18:59:31:281  INFO 3312 --- [restartedMain] d.s.w.p.DocumentationPluginsBootstrapper : Documentation plugins bootstrapped
18:59:31:288  INFO 3312 --- [restartedMain] d.s.w.p.DocumentationPluginsBootstrapper : Found 1 custom documentation plugin(s)
18:59:31:331  INFO 3312 --- [restartedMain] s.d.s.w.s.ApiListingReferenceScanner     : Scanning for api listing references
18:59:31:530  INFO 3312 --- [restartedMain] com.cjp.pay.PayApplication               : Started PayApplication in 15.853 seconds (JVM running for 17.038)
18:59:35:952  INFO 3312 --- [http-nio-8086-exec-1] o.a.c.c.C.[Tomcat].[localhost].[/]       : Initializing Spring DispatcherServlet 'dispatcherServlet'
18:59:35:953  INFO 3312 --- [http-nio-8086-exec-1] o.s.web.servlet.DispatcherServlet        : Initializing Servlet 'dispatcherServlet'
18:59:35:956  INFO 3312 --- [http-nio-8086-exec-1] o.s.web.servlet.DispatcherServlet        : Completed initialization in 3 ms
19:00:12:372  INFO 3312 --- [http-nio-8086-exec-7] com.zaxxer.hikari.HikariDataSource       : HikariPool-1 - Starting...
19:00:12:958  INFO 3312 --- [http-nio-8086-exec-7] com.zaxxer.hikari.HikariDataSource       : HikariPool-1 - Start completed.
